800330023587
656203537804
728445637543
425345951548
778586418030
722129326997
893867439727
254315879702
268270576131
906191886694
363918805743
422274342961
384785300150
974258967989
136889233559
485599726758
343865996431
334601715089
452804776438
51001142551
88069306055
219625145244
102425626515
218106825119
29005208678
924181332868
161349702255
408709186730
415819467896
827623129036
150026425657
958286654889
973081754524
727236136472
128652141915
124326381573
717000927975
289743209196
502691858139
851675189463
809530587981
826810517755
774721471114
595812777138
75327941800
777123777816
269105729555
249360303138
344695078147
154499144469
68540146249
144723070575
132696711050
237122089261
329635252512
756557202219
684870167024
131470864352
535579283882
32410993067
55704649932
765505480690
547675914580
809711115958
407875442186
834640047259
937537331326
994156098214
976707500980
241842398793
624365067243
681083546137
312269696578
406521742303
366641916250
190657531913
245748528792
247899140940
927383230000
693567436650
110326360190
725158589445
462675275688
250753426328
740826832717
102324781458
793507416256
343515686880
670147000898
929608987495
82953977348
384888623024
301354632024
439633316217
129776100148
975656495223
57797904209
256837582976
33813958609
385767492832
